<?xml version="1.0" encoding="UTF-8"?>
<coverage generated="1443389310">
  <project timestamp="1443389310">
    <package name="Emeka\Evangelist\Client">
      <file name="/home/emeka/evangelist/src/Client/GetGithubEvents.php">
        <class name="GetGithubEvents" namespace="Emeka\Evangelist\Client">
          <metrics methods="10" coveredmethods="0" conditionals="0" coveredconditionals="0" statements="40" coveredstatements="0" elements="50" coveredelements="0"/>
        </class>
        <line num="13" type="method" name="getGithubEvents" crap="2" count="0"/>
        <line num="14" type="stmt" count="0"/>
        <line num="15" type="stmt" count="0"/>
        <line num="16" type="stmt" count="0"/>
        <line num="17" type="stmt" count="0"/>
        <line num="24" type="method" name="getGithubUserRepoEvent" crap="2" count="0"/>
        <line num="25" type="stmt" count="0"/>
        <line num="26" type="stmt" count="0"/>
        <line num="27" type="stmt" count="0"/>
        <line num="28" type="stmt" count="0"/>
        <line num="35" type="method" name="getGithubUserRepoIssues" crap="2" count="0"/>
        <line num="36" type="stmt" count="0"/>
        <line num="37" type="stmt" count="0"/>
        <line num="38" type="stmt" count="0"/>
        <line num="39" type="stmt" count="0"/>
        <line num="46" type="method" name="getGithubUserNetworkEventsIssues" crap="2" count="0"/>
        <line num="47" type="stmt" count="0"/>
        <line num="48" type="stmt" count="0"/>
        <line num="49" type="stmt" count="0"/>
        <line num="50" type="stmt" count="0"/>
        <line num="57" type="method" name="getGithubOrgEvents" crap="2" count="0"/>
        <line num="58" type="stmt" count="0"/>
        <line num="59" type="stmt" count="0"/>
        <line num="60" type="stmt" count="0"/>
        <line num="61" type="stmt" count="0"/>
        <line num="68" type="method" name="getGithubUserLastEvent" crap="2" count="0"/>
        <line num="69" type="stmt" count="0"/>
        <line num="70" type="stmt" count="0"/>
        <line num="71" type="stmt" count="0"/>
        <line num="72" type="stmt" count="0"/>
        <line num="79" type="method" name="getGithubUserLastReceivedEvent" crap="2" count="0"/>
        <line num="80" type="stmt" count="0"/>
        <line num="81" type="stmt" count="0"/>
        <line num="82" type="stmt" count="0"/>
        <line num="83" type="stmt" count="0"/>
        <line num="90" type="method" name="getGithubUserLastEventPerformed" crap="2" count="0"/>
        <line num="91" type="stmt" count="0"/>
        <line num="92" type="stmt" count="0"/>
        <line num="93" type="stmt" count="0"/>
        <line num="94" type="stmt" count="0"/>
        <line num="101" type="method" name="getGithubUserLastPublicEventPerformed" crap="2" count="0"/>
        <line num="102" type="stmt" count="0"/>
        <line num="103" type="stmt" count="0"/>
        <line num="104" type="stmt" count="0"/>
        <line num="105" type="stmt" count="0"/>
        <line num="112" type="method" name="getGithubUserOrgLastEvent" crap="2" count="0"/>
        <line num="113" type="stmt" count="0"/>
        <line num="114" type="stmt" count="0"/>
        <line num="115" type="stmt" count="0"/>
        <line num="116" type="stmt" count="0"/>
        <metrics loc="118" ncloc="68" classes="1" methods="10" coveredmethods="0" conditionals="0" coveredconditionals="0" statements="40" coveredstatements="0" elements="50" coveredelements="0"/>
      </file>
      <file name="/home/emeka/evangelist/src/Client/GetUser.php">
        <class name="GetUser" namespace="Emeka\Evangelist\Client">
          <metrics methods="17" coveredmethods="4" conditionals="0" coveredconditionals="0" statements="20" coveredstatements="7" elements="37" coveredelements="11"/>
        </class>
        <line num="10" type="method" name="__construct" crap="1" count="3"/>
        <line num="12" type="stmt" count="3"/>
        <line num="13" type="stmt" count="3"/>
        <line num="15" type="method" name="getGithubUserInfo" crap="1" count="1"/>
        <line num="17" type="stmt" count="1"/>
        <line num="18" type="stmt" count="1"/>
        <line num="21" type="method" name="getGithubUser" crap="1" count="2"/>
        <line num="23" type="stmt" count="2"/>
        <line num="24" type="stmt" count="2"/>
        <line num="27" type="method" name="getId" crap="1" count="1"/>
        <line num="29" type="stmt" count="1"/>
        <line num="31" type="method" name="getLogin" crap="2" count="0"/>
        <line num="33" type="stmt" count="0"/>
        <line num="35" type="method" name="getName" crap="2" count="0"/>
        <line num="37" type="stmt" count="0"/>
        <line num="39" type="method" name="getAvatar" crap="2" count="0"/>
        <line num="41" type="stmt" count="0"/>
        <line num="43" type="method" name="getUrl" crap="2" count="0"/>
        <line num="45" type="stmt" count="0"/>
        <line num="47" type="method" name="getHtmlUrl" crap="2" count="0"/>
        <line num="49" type="stmt" count="0"/>
        <line num="51" type="method" name="getType" crap="2" count="0"/>
        <line num="53" type="stmt" count="0"/>
        <line num="55" type="method" name="getCompany" crap="2" count="0"/>
        <line num="57" type="stmt" count="0"/>
        <line num="59" type="method" name="getLocation" crap="2" count="0"/>
        <line num="61" type="stmt" count="0"/>
        <line num="63" type="method" name="getEmail" crap="2" count="0"/>
        <line num="65" type="stmt" count="0"/>
        <line num="67" type="method" name="getFollowing" crap="2" count="0"/>
        <line num="69" type="stmt" count="0"/>
        <line num="71" type="method" name="getFollowers" crap="2" count="0"/>
        <line num="73" type="stmt" count="0"/>
        <line num="75" type="method" name="getCreatedAt" crap="2" count="0"/>
        <line num="77" type="stmt" count="0"/>
        <line num="79" type="method" name="getUpdatedAt" crap="2" count="0"/>
        <line num="81" type="stmt" count="0"/>
        <metrics loc="84" ncloc="84" classes="1" methods="17" coveredmethods="4" conditionals="0" coveredconditionals="0" statements="20" coveredstatements="7" elements="37" coveredelements="11"/>
      </file>
    </package>
    <package name="Emeka\Evangelist">
      <file name="/home/emeka/evangelist/src/Evangelist.php">
        <class name="Evangelist" namespace="Emeka\Evangelist">
          <metrics methods="2" coveredmethods="1" conditionals="0" coveredconditionals="0" statements="16" coveredstatements="8" elements="18" coveredelements="9"/>
        </class>
        <line num="10" type="method" name="processUserInfo" crap="1" count="3"/>
        <line num="12" type="stmt" count="3"/>
        <line num="13" type="stmt" count="3"/>
        <line num="14" type="stmt" count="3"/>
        <line num="15" type="stmt" count="3"/>
        <line num="16" type="stmt" count="3"/>
        <line num="17" type="stmt" count="3"/>
        <line num="18" type="stmt" count="3"/>
        <line num="19" type="stmt" count="3"/>
        <line num="22" type="method" name="processData" crap="2" count="0"/>
        <line num="24" type="stmt" count="0"/>
        <line num="25" type="stmt" count="0"/>
        <line num="26" type="stmt" count="0"/>
        <line num="27" type="stmt" count="0"/>
        <line num="28" type="stmt" count="0"/>
        <line num="29" type="stmt" count="0"/>
        <line num="30" type="stmt" count="0"/>
        <line num="31" type="stmt" count="0"/>
        <metrics loc="59" ncloc="59" classes="1" methods="2" coveredmethods="1" conditionals="0" coveredconditionals="0" statements="16" coveredstatements="8" elements="18" coveredelements="9"/>
      </file>
    </package>
    <metrics files="3" loc="261" ncloc="211" classes="3" methods="29" coveredmethods="5" conditionals="0" coveredconditionals="0" statements="76" coveredstatements="15" elements="105" coveredelements="20"/>
  </project>
</coverage>
