<?xml version="1.0" encoding="UTF-8"?>
<testsuites>
  <testsuite name="Test\ExampleTest" file="/home/emeka/evangelist/tests/TestUser.php" tests="3" assertions="3" failures="0" errors="0" time="2.669061">
    <testcase name="test_getGithubUser_return_array" class="Test\ExampleTest" file="/home/emeka/evangelist/tests/TestUser.php" line="10" assertions="1" time="1.163389">
      <system-out>




</system-out>
    </testcase>
    <testcase name="test_getGithubUser" class="Test\ExampleTest" file="/home/emeka/evangelist/tests/TestUser.php" line="17" assertions="1" time="0.754049"/>
    <testcase name="test_user_id_return_int" class="Test\ExampleTest" file="/home/emeka/evangelist/tests/TestUser.php" line="24" assertions="1" time="0.751623"/>
  </testsuite>
</testsuites>
